<?xml version="1.0" encoding="UTF-8"?>
<!-- Generated by org.testng.reporters.JUnitReportReporter -->
<testsuite skipped="0" hostname="Srikrishna" name="cucumber.API.TC1_GetCookies" tests="1" failures="0" timestamp="26 May 2020 07:28:14 GMT" time="10.602" errors="0">
  <testcase name="getHeaders" time="10.602" classname="cucumber.API.TC1_GetCookies"/>
</testsuite> <!-- cucumber.API.TC1_GetCookies -->
