<?xml version="1.0" encoding="UTF-8"?>
<!-- Generated by org.testng.reporters.JUnitReportReporter -->
<testsuite skipped="0" hostname="Srikrishna" name="com.restassured.api.SDET.SDET.TC002_PostRequest" tests="1" failures="0" timestamp="16 May 2020 11:58:44 GMT" time="4.604" errors="0">
  <testcase name="getDetails" time="4.604" classname="com.restassured.api.SDET.SDET.TC002_PostRequest"/>
</testsuite> <!-- com.restassured.api.SDET.SDET.TC002_PostRequest -->
