<?xml version="1.0" encoding="UTF-8"?>
<!-- Generated by org.testng.reporters.JUnitReportReporter -->
<testsuite skipped="0" hostname="Srikrishna" name="cucumber.API.TC5_DeleteRequest" tests="1" failures="0" timestamp="19 May 2020 14:11:18 GMT" time="3.835" errors="0">
  <testcase name="deleteRecord" time="3.835" classname="cucumber.API.TC5_DeleteRequest"/>
</testsuite> <!-- cucumber.API.TC5_DeleteRequest -->
