<?xml version="1.0" encoding="UTF-8"?>
<!-- Generated by org.testng.reporters.JUnitReportReporter -->
<testsuite skipped="0" hostname="Srikrishna" name="cucumber.API.TC2_PostRequest" tests="2" failures="0" timestamp="25 May 2020 14:04:13 GMT" time="3.836" errors="0">
  <testcase name="post1Map" time="3.489" classname="cucumber.API.TC2_PostRequest"/>
  <testcase name="getEmployee" time="0.347" classname="cucumber.API.TC2_PostRequest"/>
</testsuite> <!-- cucumber.API.TC2_PostRequest -->
