<?xml version="1.0" encoding="UTF-8"?>
<!-- Generated by org.testng.reporters.JUnitReportReporter -->
<testsuite skipped="0" hostname="Srikrishna" name="com.restassured.api.SDET.SDET.TC001_GetRequest" tests="1" failures="0" timestamp="16 May 2020 11:58:21 GMT" time="3.622" errors="0">
  <testcase name="getDetails" time="3.622" classname="com.restassured.api.SDET.SDET.TC001_GetRequest"/>
</testsuite> <!-- com.restassured.api.SDET.SDET.TC001_GetRequest -->
