<?xml version="1.0" encoding="UTF-8"?>
<!-- Generated by org.testng.reporters.JUnitReportReporter -->
<testsuite skipped="0" hostname="Srikrishna" name="cucumber.API.TC1_GetUsingQueryParam" tests="1" failures="0" timestamp="19 May 2020 08:37:31 GMT" time="6.397" errors="0">
  <testcase name="testPathParams" time="6.397" classname="cucumber.API.TC1_GetUsingQueryParam"/>
</testsuite> <!-- cucumber.API.TC1_GetUsingQueryParam -->
