<?xml version="1.0" encoding="UTF-8"?>
<!-- Generated by org.testng.reporters.JUnitReportReporter -->
<testsuite skipped="0" hostname="Srikrishna" name="cucumber.API.TC3_PutRequest" tests="1" failures="0" timestamp="19 May 2020 14:12:23 GMT" time="4.339" errors="0">
  <testcase name="updateRecord" time="4.339" classname="cucumber.API.TC3_PutRequest"/>
</testsuite> <!-- cucumber.API.TC3_PutRequest -->
