<?xml version="1.0" encoding="UTF-8"?>
<!-- Generated by org.testng.reporters.JUnitReportReporter -->
<testsuite skipped="0" hostname="Srikrishna" name="cucumber.API.TC7_ReadFrJsonFile2DP" tests="2" failures="0" timestamp="29 May 2020 08:20:43 GMT" time="0.012" errors="0">
  <testcase name="login" time="0.002" classname="cucumber.API.TC7_ReadFrJsonFile2DP"/>
  <testcase name="login" time="0.010" classname="cucumber.API.TC7_ReadFrJsonFile2DP"/>
</testsuite> <!-- cucumber.API.TC7_ReadFrJsonFile2DP -->
