<?xml version="1.0" encoding="UTF-8"?>
<!-- Generated by org.testng.reporters.JUnitReportReporter -->
<testsuite skipped="0" hostname="Srikrishna" name="cucumber.API.TC4_PatchRequest" tests="1" failures="0" timestamp="25 May 2020 12:15:48 GMT" time="8.093" errors="0">
  <testcase name="updateRecord" time="8.093" classname="cucumber.API.TC4_PatchRequest"/>
</testsuite> <!-- cucumber.API.TC4_PatchRequest -->
