<?xml version="1.0" encoding="UTF-8"?>
<!-- Generated by org.testng.reporters.JUnitReportReporter -->
<testsuite skipped="0" hostname="Srikrishna" name="cucumber.API.TC1_GetHeaders" tests="1" failures="0" timestamp="19 May 2020 06:07:44 GMT" time="6.123" errors="0">
  <testcase name="getHeaders" time="6.123" classname="cucumber.API.TC1_GetHeaders"/>
</testsuite> <!-- cucumber.API.TC1_GetHeaders -->
