<?xml version="1.0" encoding="UTF-8"?>
<!-- Generated by org.testng.reporters.JUnitReportReporter -->
<testsuite skipped="0" hostname="Srikrishna" name="cucumber.API.TC1_GETRequest1" tests="1" failures="0" timestamp="29 May 2020 07:24:14 GMT" time="18.986" errors="0">
  <testcase name="getEmployee" time="18.986" classname="cucumber.API.TC1_GETRequest1"/>
</testsuite> <!-- cucumber.API.TC1_GETRequest1 -->
