<?xml version="1.0" encoding="UTF-8"?>
<!-- Generated by org.testng.reporters.JUnitReportReporter -->
<testsuite skipped="0" hostname="Srikrishna" name="cucumber.API.TC1_GetUsingPathParam" tests="1" failures="0" timestamp="19 May 2020 06:53:05 GMT" time="8.973" errors="0">
  <testcase name="getWeatherDetails" time="8.973" classname="cucumber.API.TC1_GetUsingPathParam"/>
</testsuite> <!-- cucumber.API.TC1_GetUsingPathParam -->
